<?xml version="1.0" encoding="UTF-8"?>
<testsuite name="com.bg.GreetingResourceTest" tests="1" skipped="0" failures="0" errors="0" timestamp="2023-12-21T01:57:13" hostname="pop-os" time="0.543">
  <properties/>
  <testcase name="testHelloEndpoint()" classname="com.bg.GreetingResourceTest" time="0.543"/>
  <system-out><![CDATA[2023-12-20 17:57:13,498 INFO  [io.quarkus] (Test worker) distribute-kv-store 1.0.0-SNAPSHOT on JVM (powered by Quarkus 3.6.4) started in 0.984s. Listening on: http://localhost:8081
2023-12-20 17:57:13,501 INFO  [io.quarkus] (Test worker) Profile test activated. 
2023-12-20 17:57:13,501 INFO  [io.quarkus] (Test worker) Installed features: [cdi, resteasy-reactive, smallrye-context-propagation, vertx]
]]></system-out>
  <system-err><![CDATA[]]></system-err>
</testsuite>
